stream_librdkafka_consumer_metrics_partition_messages_consumed_total{thread_id="test-app2-f9c9d4dc-af07-41db-875f-2c8ef208ec69-stream-thread-0",librdkafka_client_id="test-app2-f9c9d4dc-af07-41db-875f-2c8ef208ec69-StreamThread-0-consumer",application_id="test-app2",broker_id="1",topic="input",partition_id="3"} 9656
stream_librdkafka_consumer_metrics_partition_messages_consumed_total{thread_id="test-app2-f9c9d4dc-af07-41db-875f-2c8ef208ec69-stream-thread-0",librdkafka_client_id="test-app2-f9c9d4dc-af07-41db-875f-2c8ef208ec69-StreamThread-0-consumer",application_id="test-app2",broker_id="-1",topic="input",partition_id="-1"} 0
stream_librdkafka_consumer_metrics_partition_messages_consumed_total{thread_id="test-app2-f9c9d4dc-af07-41db-875f-2c8ef208ec69-stream-thread-0",librdkafka_client_id="test-app2-f9c9d4dc-af07-41db-875f-2c8ef208ec69-StreamThread-0-consumer",application_id="test-app2",broker_id="1",topic="input",partition_id="2"} 9649
stream_librdkafka_consumer_metrics_partition_messages_consumed_total{thread_id="test-app2-f9c9d4dc-af07-41db-875f-2c8ef208ec69-stream-thread-0",librdkafka_client_id="test-app2-f9c9d4dc-af07-41db-875f-2c8ef208ec69-StreamThread-0-consumer",application_id="test-app2",broker_id="1",topic="input",partition_id="1"} 9677
stream_librdkafka_consumer_metrics_partition_messages_consumed_total{thread_id="test-app2-f9c9d4dc-af07-41db-875f-2c8ef208ec69-stream-thread-0",librdkafka_client_id="test-app2-f9c9d4dc-af07-41db-875f-2c8ef208ec69-StreamThread-0-consumer",application_id="test-app2",broker_id="1",topic="input",partition_id="0"} 9737

stream_librdkafka_consumer_metrics_broker_responses_received_total{thread_id="test-app2-f9c9d4dc-af07-41db-875f-2c8ef208ec69-stream-thread-0",librdkafka_client_id="test-app2-f9c9d4dc-af07-41db-875f-2c8ef208ec69-StreamThread-0-consumer",application_id="test-app2",broker_id="1"} 250
stream_librdkafka_consumer_metrics_broker_responses_bytes_received_total{thread_id="test-app2-f9c9d4dc-af07-41db-875f-2c8ef208ec69-stream-thread-0",librdkafka_client_id="test-app2-f9c9d4dc-af07-41db-875f-2c8ef208ec69-StreamThread-0-consumer",application_id="test-app2",broker_id="1"} 5157
stream_librdkafka_consumer_metrics_broker_connection_total{thread_id="test-app2-f9c9d4dc-af07-41db-875f-2c8ef208ec69-stream-thread-0",librdkafka_client_id="test-app2-f9c9d4dc-af07-41db-875f-2c8ef208ec69-StreamThread-0-consumer",application_id="test-app2",broker_id="1"} 1
stream_librdkafka_consumer_metrics_broker_disconnection_total{thread_id="test-app2-f9c9d4dc-af07-41db-875f-2c8ef208ec69-stream-thread-0",librdkafka_client_id="test-app2-f9c9d4dc-af07-41db-875f-2c8ef208ec69-StreamThread-0-consumer",application_id="test-app2",broker_id="1"} 0
stream_librdkafka_consumer_metrics_partition_bytes_consumed_total{thread_id="test-app2-f9c9d4dc-af07-41db-875f-2c8ef208ec69-stream-thread-0",librdkafka_client_id="test-app2-f9c9d4dc-af07-41db-875f-2c8ef208ec69-StreamThread-0-consumer",application_id="test-app2",broker_id="1",topic="input",partition_id="3"} 965600
stream_librdkafka_consumer_metrics_partition_bytes_consumed_total{thread_id="test-app2-f9c9d4dc-af07-41db-875f-2c8ef208ec69-stream-thread-0",librdkafka_client_id="test-app2-f9c9d4dc-af07-41db-875f-2c8ef208ec69-StreamThread-0-consumer",application_id="test-app2",broker_id="-1",topic="input",partition_id="-1"} 0
stream_librdkafka_consumer_metrics_partition_bytes_consumed_total{thread_id="test-app2-f9c9d4dc-af07-41db-875f-2c8ef208ec69-stream-thread-0",librdkafka_client_id="test-app2-f9c9d4dc-af07-41db-875f-2c8ef208ec69-StreamThread-0-consumer",application_id="test-app2",broker_id="1",topic="input",partition_id="2"} 964900
stream_librdkafka_consumer_metrics_partition_bytes_consumed_total{thread_id="test-app2-f9c9d4dc-af07-41db-875f-2c8ef208ec69-stream-thread-0",librdkafka_client_id="test-app2-f9c9d4dc-af07-41db-875f-2c8ef208ec69-StreamThread-0-consumer",application_id="test-app2",broker_id="1",topic="input",partition_id="1"} 967700
stream_librdkafka_consumer_metrics_partition_bytes_consumed_total{thread_id="test-app2-f9c9d4dc-af07-41db-875f-2c8ef208ec69-stream-thread-0",librdkafka_client_id="test-app2-f9c9d4dc-af07-41db-875f-2c8ef208ec69-StreamThread-0-consumer",application_id="test-app2",broker_id="1",topic="input",partition_id="0"} 973700


stream_librdkafka_consumer_metrics_consumer_lag{thread_id="test-app2-f9c9d4dc-af07-41db-875f-2c8ef208ec69-stream-thread-0",librdkafka_client_id="test-app2-f9c9d4dc-af07-41db-875f-2c8ef208ec69-StreamThread-0-consumer",application_id="test-app2",broker_id="1",topic="input",partition_id="3"} 1440
stream_librdkafka_consumer_metrics_consumer_lag{thread_id="test-app2-f9c9d4dc-af07-41db-875f-2c8ef208ec69-stream-thread-0",librdkafka_client_id="test-app2-f9c9d4dc-af07-41db-875f-2c8ef208ec69-StreamThread-0-consumer",application_id="test-app2",broker_id="-1",topic="input",partition_id="-1"} -1
stream_librdkafka_consumer_metrics_consumer_lag{thread_id="test-app2-f9c9d4dc-af07-41db-875f-2c8ef208ec69-stream-thread-0",librdkafka_client_id="test-app2-f9c9d4dc-af07-41db-875f-2c8ef208ec69-StreamThread-0-consumer",application_id="test-app2",broker_id="1",topic="input",partition_id="2"} 1403
stream_librdkafka_consumer_metrics_consumer_lag{thread_id="test-app2-f9c9d4dc-af07-41db-875f-2c8ef208ec69-stream-thread-0",librdkafka_client_id="test-app2-f9c9d4dc-af07-41db-875f-2c8ef208ec69-StreamThread-0-consumer",application_id="test-app2",broker_id="1",topic="input",partition_id="1"} 1474
stream_librdkafka_consumer_metrics_consumer_lag{thread_id="test-app2-f9c9d4dc-af07-41db-875f-2c8ef208ec69-stream-thread-0",librdkafka_client_id="test-app2-f9c9d4dc-af07-41db-875f-2c8ef208ec69-StreamThread-0-consumer",application_id="test-app2",broker_id="1",topic="input",partition_id="0"} 1470
stream_librdkafka_consumer_metrics_broker_error_received_total{thread_id="test-app2-f9c9d4dc-af07-41db-875f-2c8ef208ec69-stream-thread-0",librdkafka_client_id="test-app2-f9c9d4dc-af07-41db-875f-2c8ef208ec69-StreamThread-0-consumer",application_id="test-app2",broker_id="1"} 0

stream_librdkafka_consumer_metrics_messages_consumed_total{thread_id="test-app2-f9c9d4dc-af07-41db-875f-2c8ef208ec69-stream-thread-0",librdkafka_client_id="test-app2-f9c9d4dc-af07-41db-875f-2c8ef208ec69-StreamThread-0-consumer",application_id="test-app2"} 38719

stream_librdkafka_consumer_metrics_ops_waiting_queue_total{thread_id="test-app2-f9c9d4dc-af07-41db-875f-2c8ef208ec69-stream-thread-0",librdkafka_client_id="test-app2-f9c9d4dc-af07-41db-875f-2c8ef208ec69-StreamThread-0-consumer",application_id="test-app2"} 0

stream_librdkafka_consumer_metrics_topic_batch_message_count_avg{thread_id="test-app2-f9c9d4dc-af07-41db-875f-2c8ef208ec69-stream-thread-0",librdkafka_client_id="test-app2-f9c9d4dc-af07-41db-875f-2c8ef208ec69-StreamThread-0-consumer",application_id="test-app2",topic="input"} 1
stream_librdkafka_consumer_metrics_responses_bytes_received_total{thread_id="test-app2-f9c9d4dc-af07-41db-875f-2c8ef208ec69-stream-thread-0",librdkafka_client_id="test-app2-f9c9d4dc-af07-41db-875f-2c8ef208ec69-StreamThread-0-consumer",application_id="test-app2"} 13747765

stream_librdkafka_consumer_metrics_bytes_consumed_total{thread_id="test-app2-f9c9d4dc-af07-41db-875f-2c8ef208ec69-stream-thread-0",librdkafka_client_id="test-app2-f9c9d4dc-af07-41db-875f-2c8ef208ec69-StreamThread-0-consumer",application_id="test-app2"} 3871900
stream_librdkafka_consumer_metrics_time_rebalance_age{thread_id="test-app2-f9c9d4dc-af07-41db-875f-2c8ef208ec69-stream-thread-0",librdkafka_client_id="test-app2-f9c9d4dc-af07-41db-875f-2c8ef208ec69-StreamThread-0-consumer",application_id="test-app2"} 656556

stream_librdkafka_consumer_metrics_broker_latency_avg{thread_id="test-app2-f9c9d4dc-af07-41db-875f-2c8ef208ec69-stream-thread-0",librdkafka_client_id="test-app2-f9c9d4dc-af07-41db-875f-2c8ef208ec69-StreamThread-0-consumer",application_id="test-app2",broker_id="1"} 3081

stream_librdkafka_consumer_metrics_responses_received_total{thread_id="test-app2-f9c9d4dc-af07-41db-875f-2c8ef208ec69-stream-thread-0",librdkafka_client_id="test-app2-f9c9d4dc-af07-41db-875f-2c8ef208ec69-StreamThread-0-consumer",application_id="test-app2"} 36764
stream_librdkafka_consumer_metrics_rebalance_total{thread_id="test-app2-f9c9d4dc-af07-41db-875f-2c8ef208ec69-stream-thread-0",librdkafka_client_id="test-app2-f9c9d4dc-af07-41db-875f-2c8ef208ec69-StreamThread-0-consumer",application_id="test-app2"} 1
stream_librdkafka_consumer_metrics_topic_batch_size_bytes_avg{thread_id="test-app2-f9c9d4dc-af07-41db-875f-2c8ef208ec69-stream-thread-0",librdkafka_client_id="test-app2-f9c9d4dc-af07-41db-875f-2c8ef208ec69-StreamThread-0-consumer",application_id="test-app2",topic="input"} 112
